<?xml version="1.0" encoding="UTF-8" ?>
<testsuites>
<testsuite name="Communication Hub test." errors="0" tests="0" failures="0" time="0" timestamp="2014-07-18T10:55:36">
</testsuite>
<testsuite name="Communication Hub test..Test basic setup." errors="0" tests="1" failures="0" time="0.004" timestamp="2014-07-18T10:55:36">
  <testcase classname="Communication Hub test..Test basic setup." name="should successfuly register a module along with an event and a handler" time="0.003"></testcase>
</testsuite>
<testsuite name="Communication Hub test..Test event triggering, passing data between modules and event routing." errors="0" tests="5" failures="0" time="0.003" timestamp="2014-07-18T10:55:36">
  <testcase classname="Communication Hub test..Test event triggering, passing data between modules and event routing." name="should trigger a handler once an event is broadcasted" time="0.002"></testcase>
  <testcase classname="Communication Hub test..Test event triggering, passing data between modules and event routing." name="should pass on an event name and data, sent along with triggered event, to a handler" time="0"></testcase>
  <testcase classname="Communication Hub test..Test event triggering, passing data between modules and event routing." name="should route an event to process associated data invisibly, and forward everything on to a handler" time="0.001"></testcase>
  <testcase classname="Communication Hub test..Test event triggering, passing data between modules and event routing." name="should route an event to process associated data and forward the event along with modified data, to a handler" time="0"></testcase>
  <testcase classname="Communication Hub test..Test event triggering, passing data between modules and event routing." name="should not route an event, if there is no modules registered in the CommunicationHub, for that event" time="0"></testcase>
</testsuite>
</testsuites>